<?xml version="1.0" encoding="UTF-8"?>
<!-- Generated by org.testng.reporters.JUnitXMLReporter -->
<testsuite hostname="Arati-PC" name="Default test" tests="16" failures="0" timestamp="7 Jun 2017 04:57:10 GMT" time="151.923" errors="0">
  <testcase name="EngineLogBook" time="25.127" classname="testngcase.EngineLogBookTest"/>
  <testcase name="FleetOffice_Vessel1" time="6.278" classname="testngcase.EngineLogBookTest"/>
  <testcase name="FleetOffice_Vessel2" time="6.243" classname="testngcase.EngineLogBookTest"/>
  <testcase name="FleetOffice_Vessel3" time="6.242" classname="testngcase.EngineLogBookTest"/>
  <testcase name="Fleet_A_Vessel1" time="6.235" classname="testngcase.EngineLogBookTest"/>
  <testcase name="Fleet_A_Vessel2" time="6.236" classname="testngcase.EngineLogBookTest"/>
  <testcase name="Fleet_A_Vessel3" time="6.264" classname="testngcase.EngineLogBookTest"/>
  <testcase name="Fleet_A_Vessel4" time="6.279" classname="testngcase.EngineLogBookTest"/>
  <testcase name="Fleet_A_Vessel5" time="7.196" classname="testngcase.EngineLogBookTest"/>
  <testcase name="Fleet_A_Vessel6" time="7.217" classname="testngcase.EngineLogBookTest"/>
  <testcase name="Fleet_A_Vessel7" time="7.215" classname="testngcase.EngineLogBookTest"/>
  <testcase name="Fleet_A_Vessel8" time="7.216" classname="testngcase.EngineLogBookTest"/>
  <testcase name="Fleet_A_Vessel9" time="7.245" classname="testngcase.EngineLogBookTest"/>
  <testcase name="Fleet_A_Vessel10" time="7.257" classname="testngcase.EngineLogBookTest"/>
  <testcase name="Fleet_B_Vessel1" time="7.236" classname="testngcase.EngineLogBookTest"/>
  <testcase name="Fleet_B_Vessel2" time="31.041" classname="testngcase.EngineLogBookTest"/>
</testsuite> <!-- Default test -->
