<?xml version="1.0" encoding="UTF-8"?>
<testng-results skipped="0" failed="0" total="16" passed="16">
  <reporter-output>
  </reporter-output>
  <suite name="Default suite" duration-ms="151923" started-at="2017-06-07T04:54:38Z" finished-at="2017-06-07T04:57:10Z">
    <groups>
    </groups>
    <test name="Default test" duration-ms="151923" started-at="2017-06-07T04:54:38Z" finished-at="2017-06-07T04:57:10Z">
      <class name="testngcase.EngineLogBookTest">
        <test-method status="PASS" signature="beforeSuite()[pri:0, instance:testngcase.EngineLogBookTest@2525ff7e]" name="beforeSuite" is-config="true" duration-ms="9130" started-at="2017-06-07T10:24:28Z" finished-at="2017-06-07T10:24:37Z">
          <reporter-output>
          </reporter-output>
        </test-method> <!-- beforeSuite -->
        <test-method status="PASS" signature="worklst()[pri:0, instance:testngcase.EngineLogBookTest@2525ff7e]" name="worklst" is-config="true" duration-ms="400" started-at="2017-06-07T10:24:37Z" depends-on-methods="testngcase.DriverPass.beforeSuite" finished-at="2017-06-07T10:24:38Z">
          <reporter-output>
          </reporter-output>
        </test-method> <!-- worklst -->
        <test-method status="PASS" signature="EngineLogBook()[pri:0, instance:testngcase.EngineLogBookTest@2525ff7e]" name="EngineLogBook" duration-ms="25127" started-at="2017-06-07T10:24:38Z" finished-at="2017-06-07T10:25:03Z">
          <reporter-output>
          </reporter-output>
        </test-method> <!-- EngineLogBook -->
        <test-method status="PASS" signature="afterMethod(org.testng.ITestResult)[pri:0, instance:testngcase.EngineLogBookTest@2525ff7e]" name="afterMethod" is-config="true" duration-ms="887" started-at="2017-06-07T10:25:03Z" finished-at="2017-06-07T10:25:04Z">
          <params>
            <param index="0">
              <value>
                <![CDATA[[TestResult name=EngineLogBook status=SUCCESS method=EngineLogBookTest.EngineLogBook()[pri:0, instance:testngcase.EngineLogBookTest@2525ff7e] output={null}]]]>
              </value>
            </param>
          </params>
          <reporter-output>
          </reporter-output>
        </test-method> <!-- afterMethod -->
        <test-method status="PASS" signature="FleetOffice_Vessel1()[pri:1, instance:testngcase.EngineLogBookTest@2525ff7e]" name="FleetOffice_Vessel1" duration-ms="6278" started-at="2017-06-07T10:25:04Z" finished-at="2017-06-07T10:25:10Z">
          <reporter-output>
          </reporter-output>
        </test-method> <!-- FleetOffice_Vessel1 -->
        <test-method status="PASS" signature="afterMethod(org.testng.ITestResult)[pri:0, instance:testngcase.EngineLogBookTest@2525ff7e]" name="afterMethod" is-config="true" duration-ms="40" started-at="2017-06-07T10:25:10Z" finished-at="2017-06-07T10:25:10Z">
          <params>
            <param index="0">
              <value>
                <![CDATA[[TestResult name=FleetOffice_Vessel1 status=SUCCESS method=EngineLogBookTest.FleetOffice_Vessel1()[pri:1, instance:testngcase.EngineLogBookTest@2525ff7e] output={null}]]]>
              </value>
            </param>
          </params>
          <reporter-output>
          </reporter-output>
        </test-method> <!-- afterMethod -->
        <test-method status="PASS" signature="FleetOffice_Vessel2()[pri:2, instance:testngcase.EngineLogBookTest@2525ff7e]" name="FleetOffice_Vessel2" duration-ms="6243" started-at="2017-06-07T10:25:10Z" finished-at="2017-06-07T10:25:16Z">
          <reporter-output>
          </reporter-output>
        </test-method> <!-- FleetOffice_Vessel2 -->
        <test-method status="PASS" signature="afterMethod(org.testng.ITestResult)[pri:0, instance:testngcase.EngineLogBookTest@2525ff7e]" name="afterMethod" is-config="true" duration-ms="26" started-at="2017-06-07T10:25:16Z" finished-at="2017-06-07T10:25:16Z">
          <params>
            <param index="0">
              <value>
                <![CDATA[[TestResult name=FleetOffice_Vessel2 status=SUCCESS method=EngineLogBookTest.FleetOffice_Vessel2()[pri:2, instance:testngcase.EngineLogBookTest@2525ff7e] output={null}]]]>
              </value>
            </param>
          </params>
          <reporter-output>
          </reporter-output>
        </test-method> <!-- afterMethod -->
        <test-method status="PASS" signature="FleetOffice_Vessel3()[pri:3, instance:testngcase.EngineLogBookTest@2525ff7e]" name="FleetOffice_Vessel3" duration-ms="6242" started-at="2017-06-07T10:25:16Z" finished-at="2017-06-07T10:25:23Z">
          <reporter-output>
          </reporter-output>
        </test-method> <!-- FleetOffice_Vessel3 -->
        <test-method status="PASS" signature="afterMethod(org.testng.ITestResult)[pri:0, instance:testngcase.EngineLogBookTest@2525ff7e]" name="afterMethod" is-config="true" duration-ms="24" started-at="2017-06-07T10:25:23Z" finished-at="2017-06-07T10:25:23Z">
          <params>
            <param index="0">
              <value>
                <![CDATA[[TestResult name=FleetOffice_Vessel3 status=SUCCESS method=EngineLogBookTest.FleetOffice_Vessel3()[pri:3, instance:testngcase.EngineLogBookTest@2525ff7e] output={null}]]]>
              </value>
            </param>
          </params>
          <reporter-output>
          </reporter-output>
        </test-method> <!-- afterMethod -->
        <test-method status="PASS" signature="Fleet_A_Vessel1()[pri:4, instance:testngcase.EngineLogBookTest@2525ff7e]" name="Fleet_A_Vessel1" duration-ms="6235" started-at="2017-06-07T10:25:23Z" finished-at="2017-06-07T10:25:29Z">
          <reporter-output>
          </reporter-output>
        </test-method> <!-- Fleet_A_Vessel1 -->
        <test-method status="PASS" signature="afterMethod(org.testng.ITestResult)[pri:0, instance:testngcase.EngineLogBookTest@2525ff7e]" name="afterMethod" is-config="true" duration-ms="21" started-at="2017-06-07T10:25:29Z" finished-at="2017-06-07T10:25:29Z">
          <params>
            <param index="0">
              <value>
                <![CDATA[[TestResult name=Fleet_A_Vessel1 status=SUCCESS method=EngineLogBookTest.Fleet_A_Vessel1()[pri:4, instance:testngcase.EngineLogBookTest@2525ff7e] output={null}]]]>
              </value>
            </param>
          </params>
          <reporter-output>
          </reporter-output>
        </test-method> <!-- afterMethod -->
        <test-method status="PASS" signature="Fleet_A_Vessel2()[pri:5, instance:testngcase.EngineLogBookTest@2525ff7e]" name="Fleet_A_Vessel2" duration-ms="6236" started-at="2017-06-07T10:25:29Z" finished-at="2017-06-07T10:25:35Z">
          <reporter-output>
          </reporter-output>
        </test-method> <!-- Fleet_A_Vessel2 -->
        <test-method status="PASS" signature="afterMethod(org.testng.ITestResult)[pri:0, instance:testngcase.EngineLogBookTest@2525ff7e]" name="afterMethod" is-config="true" duration-ms="20" started-at="2017-06-07T10:25:35Z" finished-at="2017-06-07T10:25:35Z">
          <params>
            <param index="0">
              <value>
                <![CDATA[[TestResult name=Fleet_A_Vessel2 status=SUCCESS method=EngineLogBookTest.Fleet_A_Vessel2()[pri:5, instance:testngcase.EngineLogBookTest@2525ff7e] output={null}]]]>
              </value>
            </param>
          </params>
          <reporter-output>
          </reporter-output>
        </test-method> <!-- afterMethod -->
        <test-method status="PASS" signature="Fleet_A_Vessel3()[pri:6, instance:testngcase.EngineLogBookTest@2525ff7e]" name="Fleet_A_Vessel3" duration-ms="6264" started-at="2017-06-07T10:25:35Z" finished-at="2017-06-07T10:25:41Z">
          <reporter-output>
          </reporter-output>
        </test-method> <!-- Fleet_A_Vessel3 -->
        <test-method status="PASS" signature="afterMethod(org.testng.ITestResult)[pri:0, instance:testngcase.EngineLogBookTest@2525ff7e]" name="afterMethod" is-config="true" duration-ms="21" started-at="2017-06-07T10:25:41Z" finished-at="2017-06-07T10:25:41Z">
          <params>
            <param index="0">
              <value>
                <![CDATA[[TestResult name=Fleet_A_Vessel3 status=SUCCESS method=EngineLogBookTest.Fleet_A_Vessel3()[pri:6, instance:testngcase.EngineLogBookTest@2525ff7e] output={null}]]]>
              </value>
            </param>
          </params>
          <reporter-output>
          </reporter-output>
        </test-method> <!-- afterMethod -->
        <test-method status="PASS" signature="Fleet_A_Vessel4()[pri:7, instance:testngcase.EngineLogBookTest@2525ff7e]" name="Fleet_A_Vessel4" duration-ms="6279" started-at="2017-06-07T10:25:41Z" finished-at="2017-06-07T10:25:48Z">
          <reporter-output>
          </reporter-output>
        </test-method> <!-- Fleet_A_Vessel4 -->
        <test-method status="PASS" signature="afterMethod(org.testng.ITestResult)[pri:0, instance:testngcase.EngineLogBookTest@2525ff7e]" name="afterMethod" is-config="true" duration-ms="19" started-at="2017-06-07T10:25:48Z" finished-at="2017-06-07T10:25:48Z">
          <params>
            <param index="0">
              <value>
                <![CDATA[[TestResult name=Fleet_A_Vessel4 status=SUCCESS method=EngineLogBookTest.Fleet_A_Vessel4()[pri:7, instance:testngcase.EngineLogBookTest@2525ff7e] output={null}]]]>
              </value>
            </param>
          </params>
          <reporter-output>
          </reporter-output>
        </test-method> <!-- afterMethod -->
        <test-method status="PASS" signature="Fleet_A_Vessel5()[pri:8, instance:testngcase.EngineLogBookTest@2525ff7e]" name="Fleet_A_Vessel5" duration-ms="7196" started-at="2017-06-07T10:25:48Z" finished-at="2017-06-07T10:25:55Z">
          <reporter-output>
          </reporter-output>
        </test-method> <!-- Fleet_A_Vessel5 -->
        <test-method status="PASS" signature="afterMethod(org.testng.ITestResult)[pri:0, instance:testngcase.EngineLogBookTest@2525ff7e]" name="afterMethod" is-config="true" duration-ms="19" started-at="2017-06-07T10:25:55Z" finished-at="2017-06-07T10:25:55Z">
          <params>
            <param index="0">
              <value>
                <![CDATA[[TestResult name=Fleet_A_Vessel5 status=SUCCESS method=EngineLogBookTest.Fleet_A_Vessel5()[pri:8, instance:testngcase.EngineLogBookTest@2525ff7e] output={null}]]]>
              </value>
            </param>
          </params>
          <reporter-output>
          </reporter-output>
        </test-method> <!-- afterMethod -->
        <test-method status="PASS" signature="Fleet_A_Vessel6()[pri:9, instance:testngcase.EngineLogBookTest@2525ff7e]" name="Fleet_A_Vessel6" duration-ms="7217" started-at="2017-06-07T10:25:55Z" finished-at="2017-06-07T10:26:02Z">
          <reporter-output>
          </reporter-output>
        </test-method> <!-- Fleet_A_Vessel6 -->
        <test-method status="PASS" signature="afterMethod(org.testng.ITestResult)[pri:0, instance:testngcase.EngineLogBookTest@2525ff7e]" name="afterMethod" is-config="true" duration-ms="38" started-at="2017-06-07T10:26:02Z" finished-at="2017-06-07T10:26:02Z">
          <params>
            <param index="0">
              <value>
                <![CDATA[[TestResult name=Fleet_A_Vessel6 status=SUCCESS method=EngineLogBookTest.Fleet_A_Vessel6()[pri:9, instance:testngcase.EngineLogBookTest@2525ff7e] output={null}]]]>
              </value>
            </param>
          </params>
          <reporter-output>
          </reporter-output>
        </test-method> <!-- afterMethod -->
        <test-method status="PASS" signature="Fleet_A_Vessel7()[pri:10, instance:testngcase.EngineLogBookTest@2525ff7e]" name="Fleet_A_Vessel7" duration-ms="7215" started-at="2017-06-07T10:26:02Z" finished-at="2017-06-07T10:26:09Z">
          <reporter-output>
          </reporter-output>
        </test-method> <!-- Fleet_A_Vessel7 -->
        <test-method status="PASS" signature="afterMethod(org.testng.ITestResult)[pri:0, instance:testngcase.EngineLogBookTest@2525ff7e]" name="afterMethod" is-config="true" duration-ms="42" started-at="2017-06-07T10:26:09Z" finished-at="2017-06-07T10:26:09Z">
          <params>
            <param index="0">
              <value>
                <![CDATA[[TestResult name=Fleet_A_Vessel7 status=SUCCESS method=EngineLogBookTest.Fleet_A_Vessel7()[pri:10, instance:testngcase.EngineLogBookTest@2525ff7e] output={null}]]]>
              </value>
            </param>
          </params>
          <reporter-output>
          </reporter-output>
        </test-method> <!-- afterMethod -->
        <test-method status="PASS" signature="Fleet_A_Vessel8()[pri:11, instance:testngcase.EngineLogBookTest@2525ff7e]" name="Fleet_A_Vessel8" duration-ms="7216" started-at="2017-06-07T10:26:09Z" finished-at="2017-06-07T10:26:17Z">
          <reporter-output>
          </reporter-output>
        </test-method> <!-- Fleet_A_Vessel8 -->
        <test-method status="PASS" signature="afterMethod(org.testng.ITestResult)[pri:0, instance:testngcase.EngineLogBookTest@2525ff7e]" name="afterMethod" is-config="true" duration-ms="43" started-at="2017-06-07T10:26:17Z" finished-at="2017-06-07T10:26:17Z">
          <params>
            <param index="0">
              <value>
                <![CDATA[[TestResult name=Fleet_A_Vessel8 status=SUCCESS method=EngineLogBookTest.Fleet_A_Vessel8()[pri:11, instance:testngcase.EngineLogBookTest@2525ff7e] output={null}]]]>
              </value>
            </param>
          </params>
          <reporter-output>
          </reporter-output>
        </test-method> <!-- afterMethod -->
        <test-method status="PASS" signature="Fleet_A_Vessel9()[pri:12, instance:testngcase.EngineLogBookTest@2525ff7e]" name="Fleet_A_Vessel9" duration-ms="7245" started-at="2017-06-07T10:26:17Z" finished-at="2017-06-07T10:26:24Z">
          <reporter-output>
          </reporter-output>
        </test-method> <!-- Fleet_A_Vessel9 -->
        <test-method status="PASS" signature="afterMethod(org.testng.ITestResult)[pri:0, instance:testngcase.EngineLogBookTest@2525ff7e]" name="afterMethod" is-config="true" duration-ms="43" started-at="2017-06-07T10:26:24Z" finished-at="2017-06-07T10:26:24Z">
          <params>
            <param index="0">
              <value>
                <![CDATA[[TestResult name=Fleet_A_Vessel9 status=SUCCESS method=EngineLogBookTest.Fleet_A_Vessel9()[pri:12, instance:testngcase.EngineLogBookTest@2525ff7e] output={null}]]]>
              </value>
            </param>
          </params>
          <reporter-output>
          </reporter-output>
        </test-method> <!-- afterMethod -->
        <test-method status="PASS" signature="Fleet_A_Vessel10()[pri:13, instance:testngcase.EngineLogBookTest@2525ff7e]" name="Fleet_A_Vessel10" duration-ms="7257" started-at="2017-06-07T10:26:24Z" finished-at="2017-06-07T10:26:31Z">
          <reporter-output>
          </reporter-output>
        </test-method> <!-- Fleet_A_Vessel10 -->
        <test-method status="PASS" signature="afterMethod(org.testng.ITestResult)[pri:0, instance:testngcase.EngineLogBookTest@2525ff7e]" name="afterMethod" is-config="true" duration-ms="36" started-at="2017-06-07T10:26:31Z" finished-at="2017-06-07T10:26:31Z">
          <params>
            <param index="0">
              <value>
                <![CDATA[[TestResult name=Fleet_A_Vessel10 status=SUCCESS method=EngineLogBookTest.Fleet_A_Vessel10()[pri:13, instance:testngcase.EngineLogBookTest@2525ff7e] output={null}]]]>
              </value>
            </param>
          </params>
          <reporter-output>
          </reporter-output>
        </test-method> <!-- afterMethod -->
        <test-method status="PASS" signature="Fleet_B_Vessel1()[pri:14, instance:testngcase.EngineLogBookTest@2525ff7e]" name="Fleet_B_Vessel1" duration-ms="7236" started-at="2017-06-07T10:26:31Z" finished-at="2017-06-07T10:26:39Z">
          <reporter-output>
          </reporter-output>
        </test-method> <!-- Fleet_B_Vessel1 -->
        <test-method status="PASS" signature="afterMethod(org.testng.ITestResult)[pri:0, instance:testngcase.EngineLogBookTest@2525ff7e]" name="afterMethod" is-config="true" duration-ms="48" started-at="2017-06-07T10:26:39Z" finished-at="2017-06-07T10:26:39Z">
          <params>
            <param index="0">
              <value>
                <![CDATA[[TestResult name=Fleet_B_Vessel1 status=SUCCESS method=EngineLogBookTest.Fleet_B_Vessel1()[pri:14, instance:testngcase.EngineLogBookTest@2525ff7e] output={null}]]]>
              </value>
            </param>
          </params>
          <reporter-output>
          </reporter-output>
        </test-method> <!-- afterMethod -->
        <test-method status="PASS" signature="Fleet_B_Vessel2()[pri:15, instance:testngcase.EngineLogBookTest@2525ff7e]" name="Fleet_B_Vessel2" duration-ms="31041" started-at="2017-06-07T10:26:39Z" finished-at="2017-06-07T10:27:10Z">
          <reporter-output>
          </reporter-output>
        </test-method> <!-- Fleet_B_Vessel2 -->
        <test-method status="PASS" signature="afterMethod(org.testng.ITestResult)[pri:0, instance:testngcase.EngineLogBookTest@2525ff7e]" name="afterMethod" is-config="true" duration-ms="41" started-at="2017-06-07T10:27:10Z" finished-at="2017-06-07T10:27:10Z">
          <params>
            <param index="0">
              <value>
                <![CDATA[[TestResult name=Fleet_B_Vessel2 status=SUCCESS method=EngineLogBookTest.Fleet_B_Vessel2()[pri:15, instance:testngcase.EngineLogBookTest@2525ff7e] output={null}]]]>
              </value>
            </param>
          </params>
          <reporter-output>
          </reporter-output>
        </test-method> <!-- afterMethod -->
        <test-method status="PASS" signature="afterSuite()[pri:0, instance:testngcase.EngineLogBookTest@2525ff7e]" name="afterSuite" is-config="true" duration-ms="1151" started-at="2017-06-07T10:27:10Z" finished-at="2017-06-07T10:27:11Z">
          <reporter-output>
          </reporter-output>
        </test-method> <!-- afterSuite -->
      </class> <!-- testngcase.EngineLogBookTest -->
    </test> <!-- Default test -->
  </suite> <!-- Default suite -->
</testng-results>
